<?xml version="1.0" encoding="UTF-8" standalone="yes" ?>
<test-results name="C:\Users\jovio\Documents\GitHub\Contato\ClassesTestes\Win32\Debug\ProjetoTestes.exe" total="2" errors="0" failures="0" ignored="0" inconclusive="0" not-run="0" skipped="0" invalid="0" date="2021-12-13" time="0.009">
  <culture-info current-culture="en" current-uiculture="en" />
  <test-suite type="Assembly" name="ProjetoTestes.exe" executed="true" result="Success" success="True" time="0.009" asserts="0">
    <results>
        <test-suite type="Namespace" name="uTesteServicoPessoaFisica" executed="true" result="Success" success="True" time="0.009" asserts="0" >
          <results>
              <test-suite type="Fixture" name="TTesteServicoContatoFisica" executed="True" result="Success" success="True" time="0.009" >
                <results>
                  <test-case name="ValidaDocumento" executed="True" result="Success" success="True" time="0.000" asserts="0" />
                  <test-case name="TipoContato" executed="True" result="Success" success="True" time="0.000" asserts="0" />
                </results>
              </test-suite>
          </results>
        </test-suite>
    </results>
  </test-suite>
</test-results>
